0 info it worked if it ends with ok
1 verbose cli [ 'C:\\Program Files\\nodejs\\node.exe',
1 verbose cli   'C:\\Program Files\\nodejs\\node_modules\\npm\\bin\\npm-cli.js',
1 verbose cli   'start' ]
2 info using npm@3.10.10
3 info using node@v6.10.1
4 verbose run-script [ 'prestart', 'start', 'poststart' ]
5 info lifecycle redux-ru-tutorial@1.0.0~prestart: redux-ru-tutorial@1.0.0
6 silly lifecycle redux-ru-tutorial@1.0.0~prestart: no script for prestart, continuing
7 info lifecycle redux-ru-tutorial@1.0.0~start: redux-ru-tutorial@1.0.0
8 verbose lifecycle redux-ru-tutorial@1.0.0~start: unsafe-perm in lifecycle true
9 verbose lifecycle redux-ru-tutorial@1.0.0~start: PATH: C:\Program Files\nodejs\node_modules\npm\bin\node-gyp-bin;C:\Own projects\react-trainings\react-trainings-source\redux-training-source\node_modules\.bin;D:\roman.alekseev\env\apache-maven-3.3.9\bin;C:\Program Files\nodejs\;C:\Program Files (x86)\Skype\Phone\;C:\windows\System32\Wbem;%SystemRoot%\system32;%SystemRoot%;%SystemRoot%\System32\Wbem;%SYSTEMROOT%\System32\WindowsPowerShell\v1.0\;C:\Users\roman.alekseev\AppData\Roaming\npm;C:\Users\roman.alekseev\AppData\Local\Programs\Git\cmd;C:\Users\roman.alekseev\AppData\Local\Microsoft\WindowsApps;
10 verbose lifecycle redux-ru-tutorial@1.0.0~start: CWD: C:\Own projects\react-trainings\react-trainings-source\redux-training-source
11 silly lifecycle redux-ru-tutorial@1.0.0~start: Args: [ '/d /s /c', 'node server.js' ]
12 verbose stack Error: kill ENOSYS
12 verbose stack     at exports._errnoException (util.js:1018:11)
12 verbose stack     at process.kill (internal/process.js:190:13)
12 verbose stack     at process.listener (C:\Program Files\nodejs\node_modules\npm\node_modules\npmlog\node_modules\gauge\node_modules\signal-exit\index.js:86:15)
12 verbose stack     at emitNone (events.js:91:20)
12 verbose stack     at process.emit (events.js:185:7)
12 verbose stack     at processEmit (C:\Program Files\nodejs\node_modules\npm\node_modules\npmlog\node_modules\gauge\node_modules\signal-exit\index.js:146:32)
12 verbose stack     at processEmit (C:\Program Files\nodejs\node_modules\npm\node_modules\npm-registry-client\node_modules\npmlog\node_modules\gauge\node_modules\signal-exit\index.js:146:32)
12 verbose stack     at Signal.wrap.onsignal (internal/process.js:217:44)
13 verbose cwd C:\Own projects\react-trainings\react-trainings-source\redux-training-source
14 error Windows_NT 10.0.14393
15 error argv "C:\\Program Files\\nodejs\\node.exe" "C:\\Program Files\\nodejs\\node_modules\\npm\\bin\\npm-cli.js" "start"
16 error node v6.10.1
17 error npm  v3.10.10
18 error code ENOSYS
19 error errno ENOSYS
20 error syscall kill
21 error kill ENOSYS
22 error If you need help, you may report this error at:
22 error     <https://github.com/npm/npm/issues>
23 verbose exit [ 1, true ]
